<?xml version="1.0" encoding="UTF-8"?>
<testng-results skipped="0" failed="0" ignored="0" total="1" passed="1">
  <reporter-output>
  </reporter-output>
  <suite name="Suite" duration-ms="7273" started-at="2021-10-27T12:27:56 CDT" finished-at="2021-10-27T12:28:03 CDT">
    <groups>
    </groups>
    <test name="Test" duration-ms="7273" started-at="2021-10-27T12:27:56 CDT" finished-at="2021-10-27T12:28:03 CDT">
      <class name="Testfiles.Sample2">
        <test-method status="PASS" signature="test()[pri:0, instance:Testfiles.Sample2@458c1321]" name="test" duration-ms="7175" started-at="2021-10-27T12:27:56 CDT" finished-at="2021-10-27T12:28:03 CDT">
          <reporter-output>
          </reporter-output>
        </test-method> <!-- test -->
      </class> <!-- Testfiles.Sample2 -->
    </test> <!-- Test -->
  </suite> <!-- Suite -->
</testng-results>
